This is pdfTeX, Version 3.14159265-2.6-1.40.16 (MiKTeX 2.9 64-bit) (preloaded format=pdflatex 2016.3.10)  2 MAY 2016 00:48
entering extended mode
**"./ SmartImageIdentifier .tex"
(" SmartImageIdentifier .tex"
LaTeX2e <2015/10/01> patch level 2
Babel <3.9n> and hyphenation patterns for 69 languages loaded.
("C:\Users\dZiLafho\AppData\Local\Programs\MiKTeX 2.9\tex\latex\base\report.cls
"
Document Class: report 2014/09/29 v1.4h Standard LaTeX document class
("C:\Users\dZiLafho\AppData\Local\Programs\MiKTeX 2.9\tex\latex\base\size12.clo
"
File: size12.clo 2014/09/29 v1.4h Standard LaTeX file (size option)
)
\c@part=\count79
\c@chapter=\count80
\c@section=\count81
\c@subsection=\count82
\c@subsubsection=\count83
\c@paragraph=\count84
\c@subparagraph=\count85
\c@figure=\count86
\c@table=\count87
\abovecaptionskip=\skip41
\belowcaptionskip=\skip42
\bibindent=\dimen102
)
("C:\Users\dZiLafho\AppData\Local\Programs\MiKTeX 2.9\tex\latex\graphics\graphi
cx.sty"
Package: graphicx 2014/10/28 v1.0g Enhanced LaTeX Graphics (DPC,SPQR)

("C:\Users\dZiLafho\AppData\Local\Programs\MiKTeX 2.9\tex\latex\graphics\keyval
.sty"
Package: keyval 2014/10/28 v1.15 key=value parser (DPC)
\KV@toks@=\toks14
)
("C:\Users\dZiLafho\AppData\Local\Programs\MiKTeX 2.9\tex\latex\graphics\graphi
cs.sty"
Package: graphics 2014/10/28 v1.0p Standard LaTeX Graphics (DPC,SPQR)

("C:\Users\dZiLafho\AppData\Local\Programs\MiKTeX 2.9\tex\latex\graphics\trig.s
ty"
Package: trig 1999/03/16 v1.09 sin cos tan (DPC)
)
("C:\Users\dZiLafho\AppData\Local\Programs\MiKTeX 2.9\tex\latex\00miktex\graphi
cs.cfg"
File: graphics.cfg 2007/01/18 v1.5 graphics configuration of teTeX/TeXLive
)
Package graphics Info: Driver file: pdftex.def on input line 94.

("C:\Users\dZiLafho\AppData\Local\Programs\MiKTeX 2.9\tex\latex\pdftex-def\pdft
ex.def"
File: pdftex.def 2011/05/27 v0.06d Graphics/color for pdfTeX

("C:\Users\dZiLafho\AppData\Local\Programs\MiKTeX 2.9\tex\generic\oberdiek\infw
arerr.sty"
Package: infwarerr 2010/04/08 v1.3 Providing info/warning/error messages (HO)
)
("C:\Users\dZiLafho\AppData\Local\Programs\MiKTeX 2.9\tex\generic\oberdiek\ltxc
mds.sty"
Package: ltxcmds 2011/11/09 v1.22 LaTeX kernel commands for general use (HO)
)
\Gread@gobject=\count88
))
\Gin@req@height=\dimen103
\Gin@req@width=\dimen104
)
("C:\Users\dZiLafho\AppData\Local\Programs\MiKTeX 2.9\tex\latex\float\float.sty
"
Package: float 2001/11/08 v1.3d Float enhancements (AL)
\c@float@type=\count89
\float@exts=\toks15
\float@box=\box26
\@float@everytoks=\toks16
\@floatcapt=\box27
)
No file " SmartImageIdentifier ".aux.
\openout1 = `" SmartImageIdentifier .aux"'.

LaTeX Font Info:    Checking defaults for OML/cmm/m/it on input line 13.
LaTeX Font Info:    ... okay on input line 13.
LaTeX Font Info:    Checking defaults for T1/cmr/m/n on input line 13.
LaTeX Font Info:    ... okay on input line 13.
LaTeX Font Info:    Checking defaults for OT1/cmr/m/n on input line 13.
LaTeX Font Info:    ... okay on input line 13.
LaTeX Font Info:    Checking defaults for OMS/cmsy/m/n on input line 13.
LaTeX Font Info:    ... okay on input line 13.
LaTeX Font Info:    Checking defaults for OMX/cmex/m/n on input line 13.
LaTeX Font Info:    ... okay on input line 13.
LaTeX Font Info:    Checking defaults for U/cmr/m/n on input line 13.
LaTeX Font Info:    ... okay on input line 13.

("C:\Users\dZiLafho\AppData\Local\Programs\MiKTeX 2.9\tex\context\base\supp-pdf
.mkii"
[Loading MPS to PDF converter (version 2006.09.02).]
\scratchcounter=\count90
\scratchdimen=\dimen105
\scratchbox=\box28
\nofMPsegments=\count91
\nofMParguments=\count92
\everyMPshowfont=\toks17
\MPscratchCnt=\count93
\MPscratchDim=\dimen106
\MPnumerator=\count94
\makeMPintoPDFobject=\count95
\everyMPtoPDFconversion=\toks18
) <UP.jpg, id=1, 214.1601pt x 130.086pt>
File: UP.jpg Graphic file (type jpg)
 <use UP.jpg>
Package pdftex.def Info: UP.jpg used on input line 16.
(pdftex.def)             Requested size: 256.07582pt x 155.5466pt.
 [1

{C:/Users/dZiLafho/AppData/Local/MiKTeX/2.9/pdftex/config/pdftex.map} <./UP.jpg
>]
Overfull \hbox (10.0pt too wide) in paragraph at lines 71--72
 | 
 []


Overfull \hbox (10.0pt too wide) in paragraph at lines 74--74
 []| 
 []

LaTeX Font Info:    Try loading font information for OMS+cmr on input line 78.
("C:\Users\dZiLafho\AppData\Local\Programs\MiKTeX 2.9\tex\latex\base\omscmr.fd"
File: omscmr.fd 2014/09/29 v2.5h Standard LaTeX font definitions
)
LaTeX Font Info:    Font shape `OMS/cmr/m/n' in size <12> not available
(Font)              Font shape `OMS/cmsy/m/n' tried instead on input line 78.
Missing character: There is no â in font cmr12!
Missing character: There is no € in font cmr12!
Missing character: There is no ™ in font cmr12!
 [1]
Overfull \hbox (10.0pt too wide) in paragraph at lines 105--106
 | 
 []


Overfull \hbox (10.0pt too wide) in paragraph at lines 108--108
 []| 
 []

<u14029368.jpeg, id=12, 192.72pt x 252.945pt>
File: u14029368.jpeg Graphic file (type jpg)
 <use u14029368.jpeg>
Package pdftex.def Info: u14029368.jpeg used on input line 114.
(pdftex.def)             Requested size: 108.39296pt x 142.26576pt.
LaTeX Font Info:    External font `cmex10' loaded for size
(Font)              <12> on input line 116.
LaTeX Font Info:    External font `cmex10' loaded for size
(Font)              <8> on input line 116.
LaTeX Font Info:    External font `cmex10' loaded for size
(Font)              <6> on input line 116.

Overfull \hbox (59.23828pt too wide) in paragraph at lines 112--125
[]$[]$  $[]$ 
 []


Overfull \hbox (10.0pt too wide) in paragraph at lines 128--128
 | 
 []


Overfull \hbox (10.0pt too wide) in paragraph at lines 130--130
 []| 
 []


Overfull \hbox (10.0pt too wide) in paragraph at lines 139--139
 | 
 []


Overfull \hbox (10.0pt too wide) in paragraph at lines 141--141
 []| 
 []

[2 <./u14029368.jpeg>]
Overfull \hbox (10.0pt too wide) in paragraph at lines 150--151
 | 
 []


Overfull \hbox (10.0pt too wide) in paragraph at lines 153--153
 []| 
 []


Overfull \hbox (10.0pt too wide) in paragraph at lines 163--163
 | 
 []


Overfull \hbox (10.0pt too wide) in paragraph at lines 165--165
 []| 
 []


Overfull \hbox (10.0pt too wide) in paragraph at lines 174--174
 | 
 []


Overfull \hbox (10.0pt too wide) in paragraph at lines 176--176
 []| 
 []

[3] <u13071603.jpg, id=19, 592.2125pt x 825.0825pt>
File: u13071603.jpg Graphic file (type jpg)
 <use u13071603.jpg>
Package pdftex.def Info: u13071603.jpg used on input line 187.
(pdftex.def)             Requested size: 102.11157pt x 142.26393pt.

Overfull \hbox (61.84937pt too wide) in paragraph at lines 184--198
[] $[]$  $[]$ 
 []


Overfull \hbox (10.0pt too wide) in paragraph at lines 201--201
 | 
 []


Overfull \hbox (10.0pt too wide) in paragraph at lines 203--203
 []| 
 []


Overfull \hbox (10.0pt too wide) in paragraph at lines 215--215
 | 
 []


Overfull \hbox (10.0pt too wide) in paragraph at lines 217--217
 []| 
 []

[4 <./u13071603.jpg>]
Overfull \hbox (10.0pt too wide) in paragraph at lines 228--229
 | 
 []


Overfull \hbox (10.0pt too wide) in paragraph at lines 231--231
 []| 
 []


Overfull \hbox (10.0pt too wide) in paragraph at lines 241--241
 | 
 []


Overfull \hbox (10.0pt too wide) in paragraph at lines 243--243
 []| 
 []


Overfull \hbox (10.0pt too wide) in paragraph at lines 255--255
 | 
 []


Overfull \hbox (10.0pt too wide) in paragraph at lines 257--257
 []| 
 []

[5] <u13325095.jpeg, id=26, 192.72pt x 249.93375pt>
File: u13325095.jpeg Graphic file (type jpg)
 <use u13325095.jpeg>
Package pdftex.def Info: u13325095.jpeg used on input line 268.
(pdftex.def)             Requested size: 109.70155pt x 142.26921pt.

Overfull \hbox (61.84937pt too wide) in paragraph at lines 265--279
[] $[]$  $[]$ 
 []


Overfull \hbox (10.0pt too wide) in paragraph at lines 282--282
 | 
 []


Overfull \hbox (10.0pt too wide) in paragraph at lines 284--284
 []| 
 []


Overfull \hbox (10.0pt too wide) in paragraph at lines 299--299
 | 
 []


Overfull \hbox (10.0pt too wide) in paragraph at lines 301--301
 []| 
 []


Overfull \hbox (11.42505pt too wide) in paragraph at lines 309--310
[]\OT1/cmr/m/n/12 Front-end (HTML, CSS, JavaScript/JQuery) and back-end (PHP, M
ySql)
 []

[6 <./u13325095.jpeg>]
Overfull \hbox (10.0pt too wide) in paragraph at lines 313--314
 | 
 []


Overfull \hbox (10.0pt too wide) in paragraph at lines 316--316
 []| 
 []


Overfull \hbox (10.0pt too wide) in paragraph at lines 327--327
 | 
 []


Overfull \hbox (10.0pt too wide) in paragraph at lines 329--329
 []| 
 []


Overfull \hbox (10.0pt too wide) in paragraph at lines 344--344
 | 
 []


Overfull \hbox (10.0pt too wide) in paragraph at lines 346--346
 []| 
 []

[7] <u13229908.jpg, id=34, 661.47125pt x 661.47125pt>
File: u13229908.jpg Graphic file (type jpg)
 <use u13229908.jpg>
Package pdftex.def Info: u13229908.jpg used on input line 357.
(pdftex.def)             Requested size: 142.25392pt x 142.25392pt.

Overfull \hbox (61.84937pt too wide) in paragraph at lines 354--368
[] $[]$  $[]$ 
 []


Overfull \hbox (10.0pt too wide) in paragraph at lines 371--371
 | 
 []


Overfull \hbox (10.0pt too wide) in paragraph at lines 373--373
 []| 
 []


Overfull \hbox (10.0pt too wide) in paragraph at lines 384--384
 | 
 []


Overfull \hbox (10.0pt too wide) in paragraph at lines 386--386
 []| 
 []


Overfull \hbox (40.67754pt too wide) in paragraph at lines 391--392
[]\OT1/cmr/m/n/12 Tools: JBuilder, Dreamweaver, Ra-tio-nal Rose, Ul-traEdit, Bo
r-landC++Builder,
 []


Overfull \hbox (5.79176pt too wide) in paragraph at lines 393--394
[]\OT1/cmr/m/n/12 Graphic de-sign: Adobe Pho-to-shop, Adobe Il-lus-tra-tor, Ble
nder, 3DMAX,
 []

[8 <./u13229908.jpg>]
Overfull \hbox (10.0pt too wide) in paragraph at lines 397--398
 | 
 []


Overfull \hbox (10.0pt too wide) in paragraph at lines 400--400
 []| 
 []


Overfull \hbox (10.0pt too wide) in paragraph at lines 411--411
 | 
 []


Overfull \hbox (10.0pt too wide) in paragraph at lines 413--413
 []| 
 []


Overfull \hbox (10.0pt too wide) in paragraph at lines 425--425
 | 
 []


Overfull \hbox (10.0pt too wide) in paragraph at lines 427--427
 []| 
 []

Missing character: There is no â in font cmr12!
Missing character: There is no € in font cmr12!
Missing character: There is no ™ in font cmr12!
[9]
Overfull \hbox (10.0pt too wide) in paragraph at lines 440--441
 | 
 []


Overfull \hbox (10.0pt too wide) in paragraph at lines 443--443
 []| 
 []


Overfull \hbox (10.0pt too wide) in paragraph at lines 448--448
 | 
 []


Overfull \hbox (10.0pt too wide) in paragraph at lines 450--450
 []| 
 []


Overfull \hbox (10.0pt too wide) in paragraph at lines 458--458
 | 
 []


Overfull \hbox (10.0pt too wide) in paragraph at lines 460--460
 []| 
 []


Overfull \hbox (10.0pt too wide) in paragraph at lines 476--476
 | 
 []


Overfull \hbox (10.0pt too wide) in paragraph at lines 478--478
 []| 
 []


Overfull \hbox (10.0pt too wide) in paragraph at lines 487--487
 | 
 []

[10]
Overfull \hbox (10.0pt too wide) in paragraph at lines 489--489
 []| 
 []

[11]
Overfull \hbox (10.0pt too wide) in paragraph at lines 501--502
 | 
 []


Overfull \hbox (10.0pt too wide) in paragraph at lines 504--504
 []| 
 []

[12] (" SmartImageIdentifier .aux") ) 
Here is how much of TeX's memory you used:
 1243 strings out of 493634
 17130 string characters out of 3145355
 73279 words of memory out of 3000000
 4659 multiletter control sequences out of 15000+200000
 8179 words of font info for 29 fonts, out of 3000000 for 9000
 1025 hyphenation exceptions out of 8191
 27i,7n,19p,707b,262s stack positions out of 5000i,500n,10000p,200000b,50000s
<C:/Users/dZiLafho/AppData/Local/Programs/
MiKTeX 2.9/fonts/type1/public/amsfonts/cm/cmcsc10.pfb><C:/Users/dZiLafho/AppDat
a/Local/Programs/MiKTeX 2.9/fonts/type1/public/amsfonts/cm/cmr12.pfb><C:/Users/
dZiLafho/AppData/Local/Programs/MiKTeX 2.9/fonts/type1/public/amsfonts/cm/cmsy1
0.pfb>
Output written on " SmartImageIdentifier .pdf" (13 pages, 356614 bytes).
PDF statistics:
 62 PDF objects out of 1000 (max. 8388607)
 0 named destinations out of 1000 (max. 500000)
 26 words of extra memory for PDF output out of 10000 (max. 10000000)

